<?xml version="1.0" encoding="UTF-8"?>
<testsuite name="welcome.MessageTest" time="0.008" tests="1" errors="1" skipped="0" failures="0">
  <properties>
[...]
</properties>
  <testcase name="testDay" classname="welcome.MessageTest" time="0.008">
    <error message="Can&apos;t find bundle for base name welcome.Message, locale en" type="java.util.MissingResourceException">java.util.MissingResourceException: Can't find bundle for base name welcome.Message, locale en
	at java.util.ResourceBundle$Control.newBundle(ResourceBundle.java:2647)
	at java.util.ResourceBundle.loadBundle(ResourceBundle.java:1501)
	at java.util.ResourceBundle.findBundle(ResourceBundle.java:1465)
	at java.util.ResourceBundle.findBundle(ResourceBundle.java:1419)
	at java.util.ResourceBundle.getBundleImpl(ResourceBundle.java:1361)
	at java.util.ResourceBundle.getBundle(ResourceBundle.java:845)
	at welcome.MessageTest.testDay(MessageTest.java:18)
</error>
    <system-err><![CDATA[log4j:ERROR Could not read configuration file [/home/roman/ROMA/JAVA/Welcome-massege/welcome/resources/log4j.properties].
java.io.FileNotFoundException: /home/roman/ROMA/JAVA/Welcome-massege/welcome/resources/log4j.properties (No such file or directory)
	at java.io.FileInputStream.open0(Native Method)
	at java.io.FileInputStream.open(FileInputStream.java:195)
	at java.io.FileInputStream.<init>(FileInputStream.java:138)
	at java.io.FileInputStream.<init>(FileInputStream.java:93)
	at org.apache.log4j.PropertyConfigurator.doConfigure(PropertyConfigurator.java:372)
	at org.apache.log4j.PropertyConfigurator.configure(PropertyConfigurator.java:403)
	at welcome.Message.<init>(Message.java:16)
	at welcome.MessageTest.<init>(MessageTest.java:15)
	at sun.reflect.NativeConstructorAccessorImpl.newInstance0(Native Method)
	at sun.reflect.NativeConstructorAccessorImpl.newInstance(NativeConstructorAccessorImpl.java:62)
	at sun.reflect.DelegatingConstructorAccessorImpl.newInstance(DelegatingConstructorAccessorImpl.java:45)
	at java.lang.reflect.Constructor.newInstance(Constructor.java:423)
	at org.junit.runners.BlockJUnit4ClassRunner.createTest(BlockJUnit4ClassRunner.java:217)
	at org.junit.runners.BlockJUnit4ClassRunner$1.runReflectiveCall(BlockJUnit4ClassRunner.java:266)
	at org.junit.internal.runners.model.ReflectiveCallable.run(ReflectiveCallable.java:12)
	at org.junit.runners.BlockJUnit4ClassRunner.methodBlock(BlockJUnit4ClassRunner.java:263)
	at org.junit.runners.BlockJUnit4ClassRunner.runChild(BlockJUnit4ClassRunner.java:78)
	at org.junit.runners.BlockJUnit4ClassRunner.runChild(BlockJUnit4ClassRunner.java:57)
	at org.junit.runners.ParentRunner$3.run(ParentRunner.java:290)
	at org.junit.runners.ParentRunner$1.schedule(ParentRunner.java:71)
	at org.junit.runners.ParentRunner.runChildren(ParentRunner.java:288)
	at org.junit.runners.ParentRunner.access$000(ParentRunner.java:58)
	at org.junit.runners.ParentRunner$2.evaluate(ParentRunner.java:268)
	at org.junit.runners.ParentRunner.run(ParentRunner.java:363)
	at org.apache.maven.surefire.junit4.JUnit4Provider.execute(JUnit4Provider.java:264)
	at org.apache.maven.surefire.junit4.JUnit4Provider.executeTestSet(JUnit4Provider.java:153)
	at org.apache.maven.surefire.junit4.JUnit4Provider.invoke(JUnit4Provider.java:124)
	at org.apache.maven.surefire.booter.ForkedBooter.invokeProviderInSameClassLoader(ForkedBooter.java:200)
	at org.apache.maven.surefire.booter.ForkedBooter.runSuitesInProcess(ForkedBooter.java:153)
	at org.apache.maven.surefire.booter.ForkedBooter.main(ForkedBooter.java:103)
log4j:ERROR Ignoring configuration file [/home/roman/ROMA/JAVA/Welcome-massege/welcome/resources/log4j.properties].
]]></system-err>
  </testcase>
</testsuite>